[35m[1mScanning dependencies of target _ebugs_message_generate_messages_check_deps_Position[0m
[  0%] Built target _ebugs_message_generate_messages_check_deps_Position
[35m[1mScanning dependencies of target _ebugs_message_generate_messages_check_deps_Vector[0m
[  0%] Built target _ebugs_message_generate_messages_check_deps_Vector
[35m[1mScanning dependencies of target _ebugs_message_generate_messages_check_deps_Force[0m
[  0%] Built target _ebugs_message_generate_messages_check_deps_Force
[35m[1mScanning dependencies of target _ebugs_message_generate_messages_check_deps_Command[0m
[  0%] Built target _ebugs_message_generate_messages_check_deps_Command
[35m[1mScanning dependencies of target std_msgs_generate_messages_nodejs[0m
[  0%] Built target std_msgs_generate_messages_nodejs
[35m[1mScanning dependencies of target std_msgs_generate_messages_cpp[0m
[  0%] Built target std_msgs_generate_messages_cpp
[35m[1mScanning dependencies of target std_msgs_generate_messages_py[0m
[  0%] Built target std_msgs_generate_messages_py
[35m[1mScanning dependencies of target ebugs_message_generate_messages_nodejs[0m
[  7%] [34m[1mGenerating Javascript code from ebugs_message/Position.msg[0m
[ 15%] [34m[1mGenerating Javascript code from ebugs_message/Command.msg[0m
[ 23%] [34m[1mGenerating Javascript code from ebugs_message/Force.msg[0m
[ 30%] [34m[1mGenerating Javascript code from ebugs_message/Vector.msg[0m
[ 30%] Built target ebugs_message_generate_messages_nodejs
[35m[1mScanning dependencies of target ebugs_message_generate_messages_cpp[0m
[ 38%] [34m[1mGenerating C++ code from ebugs_message/Position.msg[0m
[ 46%] [34m[1mGenerating C++ code from ebugs_message/Command.msg[0m
[ 53%] [34m[1mGenerating C++ code from ebugs_message/Force.msg[0m
[ 61%] [34m[1mGenerating C++ code from ebugs_message/Vector.msg[0m
[ 61%] Built target ebugs_message_generate_messages_cpp
[35m[1mScanning dependencies of target ebugs_message_generate_messages_py[0m
[ 69%] [34m[1mGenerating Python from MSG ebugs_message/Position[0m
[ 76%] [34m[1mGenerating Python from MSG ebugs_message/Command[0m
[ 84%] [34m[1mGenerating Python from MSG ebugs_message/Force[0m
[ 92%] [34m[1mGenerating Python from MSG ebugs_message/Vector[0m
[100%] [34m[1mGenerating Python msg __init__.py for ebugs_message[0m
[100%] Built target ebugs_message_generate_messages_py
[35m[1mScanning dependencies of target ebugs_message_generate_messages[0m
[100%] Built target ebugs_message_generate_messages
