Linked: (/home/alexandre/ebugs_ws/devel/.private/ebugs_message/lib/pkgconfig/ebugs_message.pc, /home/alexandre/ebugs_ws/devel/lib/pkgconfig/ebugs_message.pc)
Linked: (/home/alexandre/ebugs_ws/devel/.private/ebugs_message/lib/python2.7/dist-packages/ebugs_message/__init__.py, /home/alexandre/ebugs_ws/devel/lib/python2.7/dist-packages/ebugs_message/__init__.py)
Linked: (/home/alexandre/ebugs_ws/devel/.private/ebugs_message/lib/python2.7/dist-packages/ebugs_message/msg/_Command.py, /home/alexandre/ebugs_ws/devel/lib/python2.7/dist-packages/ebugs_message/msg/_Command.py)
Linked: (/home/alexandre/ebugs_ws/devel/.private/ebugs_message/lib/python2.7/dist-packages/ebugs_message/msg/_Force.py, /home/alexandre/ebugs_ws/devel/lib/python2.7/dist-packages/ebugs_message/msg/_Force.py)
Linked: (/home/alexandre/ebugs_ws/devel/.private/ebugs_message/lib/python2.7/dist-packages/ebugs_message/msg/_Vector.py, /home/alexandre/ebugs_ws/devel/lib/python2.7/dist-packages/ebugs_message/msg/_Vector.py)
Linked: (/home/alexandre/ebugs_ws/devel/.private/ebugs_message/lib/python2.7/dist-packages/ebugs_message/msg/__init__.py, /home/alexandre/ebugs_ws/devel/lib/python2.7/dist-packages/ebugs_message/msg/__init__.py)
Linked: (/home/alexandre/ebugs_ws/devel/.private/ebugs_message/lib/python2.7/dist-packages/ebugs_message/msg/_Position.py, /home/alexandre/ebugs_ws/devel/lib/python2.7/dist-packages/ebugs_message/msg/_Position.py)
Linked: (/home/alexandre/ebugs_ws/devel/.private/ebugs_message/share/ebugs_message/cmake/ebugs_messageConfig-version.cmake, /home/alexandre/ebugs_ws/devel/share/ebugs_message/cmake/ebugs_messageConfig-version.cmake)
Linked: (/home/alexandre/ebugs_ws/devel/.private/ebugs_message/share/ebugs_message/cmake/ebugs_message-msg-extras.cmake, /home/alexandre/ebugs_ws/devel/share/ebugs_message/cmake/ebugs_message-msg-extras.cmake)
Linked: (/home/alexandre/ebugs_ws/devel/.private/ebugs_message/share/ebugs_message/cmake/ebugs_messageConfig.cmake, /home/alexandre/ebugs_ws/devel/share/ebugs_message/cmake/ebugs_messageConfig.cmake)
Linked: (/home/alexandre/ebugs_ws/devel/.private/ebugs_message/share/ebugs_message/cmake/ebugs_message-msg-paths.cmake, /home/alexandre/ebugs_ws/devel/share/ebugs_message/cmake/ebugs_message-msg-paths.cmake)
Linked: (/home/alexandre/ebugs_ws/devel/.private/ebugs_message/share/gennodejs/ros/ebugs_message/_index.js, /home/alexandre/ebugs_ws/devel/share/gennodejs/ros/ebugs_message/_index.js)
Linked: (/home/alexandre/ebugs_ws/devel/.private/ebugs_message/share/gennodejs/ros/ebugs_message/msg/Position.js, /home/alexandre/ebugs_ws/devel/share/gennodejs/ros/ebugs_message/msg/Position.js)
Linked: (/home/alexandre/ebugs_ws/devel/.private/ebugs_message/share/gennodejs/ros/ebugs_message/msg/Command.js, /home/alexandre/ebugs_ws/devel/share/gennodejs/ros/ebugs_message/msg/Command.js)
Linked: (/home/alexandre/ebugs_ws/devel/.private/ebugs_message/share/gennodejs/ros/ebugs_message/msg/_index.js, /home/alexandre/ebugs_ws/devel/share/gennodejs/ros/ebugs_message/msg/_index.js)
Linked: (/home/alexandre/ebugs_ws/devel/.private/ebugs_message/share/gennodejs/ros/ebugs_message/msg/Vector.js, /home/alexandre/ebugs_ws/devel/share/gennodejs/ros/ebugs_message/msg/Vector.js)
Linked: (/home/alexandre/ebugs_ws/devel/.private/ebugs_message/share/gennodejs/ros/ebugs_message/msg/Force.js, /home/alexandre/ebugs_ws/devel/share/gennodejs/ros/ebugs_message/msg/Force.js)
Linked: (/home/alexandre/ebugs_ws/devel/.private/ebugs_message/include/ebugs_message/Command.h, /home/alexandre/ebugs_ws/devel/include/ebugs_message/Command.h)
Linked: (/home/alexandre/ebugs_ws/devel/.private/ebugs_message/include/ebugs_message/Position.h, /home/alexandre/ebugs_ws/devel/include/ebugs_message/Position.h)
Linked: (/home/alexandre/ebugs_ws/devel/.private/ebugs_message/include/ebugs_message/Vector.h, /home/alexandre/ebugs_ws/devel/include/ebugs_message/Vector.h)
Linked: (/home/alexandre/ebugs_ws/devel/.private/ebugs_message/include/ebugs_message/Force.h, /home/alexandre/ebugs_ws/devel/include/ebugs_message/Force.h)
